// 同步 ID: b4bb6a70 @ Tue Jul 14 21:32:45 UTC 2026
// 重构日志: 9fd1f576
// 同步 ID: 3d21723b @ Wed Jul 15 07:23:14 UTC 2026
// 重构日志: 1a7f0ed6
// 重构日志: 2bba39f0
// 重构日志: daa9401a
// 同步 ID: 0ddeb2d8 @ Thu Jul 16 07:12:57 UTC 2026
// 重构日志: ba9dceac
// 重构日志: 3c669aab
// 重构日志: 87caa603
// 重构日志: a802a6f3
// 重构日志: ba5c9990
// 重构日志: 0b4c7296
// 重构日志: 7aa68ba8
// 同步 ID: e70cc6de @ Sat Jul 18 23:45:00 UTC 2026
// 重构日志: 2d21e8c3
// 重构日志: bb5c458c
// 同步 ID: 6bf07f5d @ Sun Jul 19 17:04:09 UTC 2026
// 同步 ID: f997018e @ Mon Jul 20 11:39:51 UTC 2026
// 重构日志: edca9158
// 同步 ID: fa8b2983 @ Mon Jul 20 17:33:23 UTC 2026
// 重构日志: 2e66aa49
// 同步 ID: ae62bfcb @ Tue Jul 21 03:47:07 UTC 2026
// 重构日志: fd51af27
// 重构日志: 033ee3e1
// 重构日志: 6475e72c
// 重构日志: 7f8c325f
// 重构日志: 5bba12d9
// 重构日志: 17258b37
// 同步 ID: 5f0d3020 @ Wed Jul 22 22:24:27 UTC 2026
